[2020-04-13 11:14:16Z INFO HostContext] No proxy settings were found based on environmental variables (http_proxy/https_proxy/HTTP_PROXY/HTTPS_PROXY)
[2020-04-13 11:14:16Z INFO Listener] Runner is built for Linux (X64) - linux-x64.
[2020-04-13 11:14:16Z INFO Listener] RuntimeInformation: Linux 5.3.0-46-generic #38-Ubuntu SMP Fri Mar 27 17:37:05 UTC 2020.
[2020-04-13 11:14:16Z INFO Listener] Version: 2.168.0
[2020-04-13 11:14:16Z INFO Listener] Commit: 9ed9e7a6730db3f4e83900620d4ac3c00ff3e775
[2020-04-13 11:14:16Z INFO Listener] Culture: ru-RU
[2020-04-13 11:14:16Z INFO Listener] UI Culture: ru-RU
[2020-04-13 11:14:16Z INFO HostContext] Well known directory 'Bin': '/home/k21/Рабочий стол/copying_sas.am/actions-runner/bin'
[2020-04-13 11:14:16Z INFO HostContext] Well known directory 'Root': '/home/k21/Рабочий стол/copying_sas.am/actions-runner'
[2020-04-13 11:14:16Z INFO Listener] Validating directory permissions for: '/home/k21/Рабочий стол/copying_sas.am/actions-runner'
[2020-04-13 11:14:16Z INFO CommandLineParser] Parse
[2020-04-13 11:14:16Z INFO CommandLineParser] Parsing 1 args
[2020-04-13 11:14:16Z INFO CommandLineParser] parsing argument
[2020-04-13 11:14:16Z INFO CommandLineParser] HasArgs: False
[2020-04-13 11:14:16Z INFO CommandLineParser] Adding Command: run
[2020-04-13 11:14:16Z INFO Listener] Arguments parsed
[2020-04-13 11:14:16Z INFO Runner] ExecuteCommand
[2020-04-13 11:14:16Z INFO ConfigurationStore] currentAssemblyLocation: /home/k21/Рабочий стол/copying_sas.am/actions-runner/bin/Runner.Listener.dll
[2020-04-13 11:14:16Z INFO HostContext] Well known directory 'Bin': '/home/k21/Рабочий стол/copying_sas.am/actions-runner/bin'
[2020-04-13 11:14:16Z INFO ConfigurationStore] binPath: /home/k21/Рабочий стол/copying_sas.am/actions-runner/bin
[2020-04-13 11:14:16Z INFO HostContext] Well known directory 'Bin': '/home/k21/Рабочий стол/copying_sas.am/actions-runner/bin'
[2020-04-13 11:14:16Z INFO HostContext] Well known directory 'Root': '/home/k21/Рабочий стол/copying_sas.am/actions-runner'
[2020-04-13 11:14:16Z INFO ConfigurationStore] RootFolder: /home/k21/Рабочий стол/copying_sas.am/actions-runner
[2020-04-13 11:14:16Z INFO HostContext] Well known directory 'Bin': '/home/k21/Рабочий стол/copying_sas.am/actions-runner/bin'
[2020-04-13 11:14:16Z INFO HostContext] Well known directory 'Root': '/home/k21/Рабочий стол/copying_sas.am/actions-runner'
[2020-04-13 11:14:16Z INFO HostContext] Well known config file 'Runner': '/home/k21/Рабочий стол/copying_sas.am/actions-runner/.runner'
[2020-04-13 11:14:16Z INFO ConfigurationStore] ConfigFilePath: /home/k21/Рабочий стол/copying_sas.am/actions-runner/.runner
[2020-04-13 11:14:16Z INFO HostContext] Well known directory 'Bin': '/home/k21/Рабочий стол/copying_sas.am/actions-runner/bin'
[2020-04-13 11:14:16Z INFO HostContext] Well known directory 'Root': '/home/k21/Рабочий стол/copying_sas.am/actions-runner'
[2020-04-13 11:14:16Z INFO HostContext] Well known config file 'Credentials': '/home/k21/Рабочий стол/copying_sas.am/actions-runner/.credentials'
[2020-04-13 11:14:16Z INFO ConfigurationStore] CredFilePath: /home/k21/Рабочий стол/copying_sas.am/actions-runner/.credentials
[2020-04-13 11:14:16Z INFO HostContext] Well known directory 'Bin': '/home/k21/Рабочий стол/copying_sas.am/actions-runner/bin'
[2020-04-13 11:14:16Z INFO HostContext] Well known directory 'Root': '/home/k21/Рабочий стол/copying_sas.am/actions-runner'
[2020-04-13 11:14:16Z INFO HostContext] Well known config file 'MigratedCredentials': '/home/k21/Рабочий стол/copying_sas.am/actions-runner/.credentials_migrated'
[2020-04-13 11:14:16Z INFO ConfigurationStore] MigratedCredFilePath: /home/k21/Рабочий стол/copying_sas.am/actions-runner/.credentials_migrated
[2020-04-13 11:14:16Z INFO HostContext] Well known directory 'Bin': '/home/k21/Рабочий стол/copying_sas.am/actions-runner/bin'
[2020-04-13 11:14:16Z INFO HostContext] Well known directory 'Root': '/home/k21/Рабочий стол/copying_sas.am/actions-runner'
[2020-04-13 11:14:16Z INFO HostContext] Well known config file 'Service': '/home/k21/Рабочий стол/copying_sas.am/actions-runner/.service'
[2020-04-13 11:14:16Z INFO ConfigurationStore] ServiceConfigFilePath: /home/k21/Рабочий стол/copying_sas.am/actions-runner/.service
[2020-04-13 11:14:16Z INFO CommandSettings] Flag 'help': 'False'
[2020-04-13 11:14:16Z INFO CommandSettings] Flag 'version': 'False'
[2020-04-13 11:14:16Z INFO CommandSettings] Flag 'commit': 'False'
[2020-04-13 11:14:16Z INFO CommandSettings] Command 'configure': 'False'
[2020-04-13 11:14:16Z INFO CommandSettings] Command 'remove': 'False'
[2020-04-13 11:14:16Z INFO CommandSettings] Command 'warmup': 'False'
[2020-04-13 11:14:16Z INFO ConfigurationManager] LoadSettings
[2020-04-13 11:14:16Z INFO ConfigurationStore] IsConfigured()
[2020-04-13 11:14:16Z INFO ConfigurationStore] IsConfigured: True
[2020-04-13 11:14:16Z INFO ConfigurationManager] Is configured: True
[2020-04-13 11:14:16Z INFO ConfigurationStore] Read setting file: 301 chars
[2020-04-13 11:14:16Z INFO ConfigurationManager] Settings Loaded
[2020-04-13 11:14:16Z INFO ConfigurationStore] IsServiceConfigured()
[2020-04-13 11:14:16Z INFO ConfigurationStore] IsServiceConfigured: False
[2020-04-13 11:14:16Z INFO CommandSettings] Command 'run': 'True'
[2020-04-13 11:14:16Z INFO ConfigurationStore] IsConfigured()
[2020-04-13 11:14:16Z INFO ConfigurationStore] IsConfigured: True
[2020-04-13 11:14:16Z INFO ConfigurationManager] Is configured: True
[2020-04-13 11:14:16Z INFO Runner] Could not parse the argument value '' for StartupType. Defaulting to Manual
[2020-04-13 11:14:16Z INFO Runner] Set runner startup type - Manual
[2020-04-13 11:14:16Z INFO CommandSettings] Flag 'once': 'False'
[2020-04-13 11:14:16Z INFO Runner] RunAsync
[2020-04-13 11:14:16Z INFO ConfigurationManager] LoadSettings
[2020-04-13 11:14:16Z INFO ConfigurationStore] IsConfigured()
[2020-04-13 11:14:16Z INFO ConfigurationStore] IsConfigured: True
[2020-04-13 11:14:16Z INFO ConfigurationManager] Is configured: True
[2020-04-13 11:14:16Z INFO ConfigurationManager] Settings Loaded
[2020-04-13 11:14:16Z INFO MessageListener] {
  "AgentId": 2,
  "AgentName": "k21-System-Product-Name",
  "PoolId": 1,
  "PoolName": "Default",
  "ServerUrl": "https://pipelines.actions.githubusercontent.com/rsd4rt7mvioZPRPPx9eGMKCUsMD0U7aSwmre1aDWYCFCnIAMaz/",
  "GitHubUrl": "https://github.com/KDI21/copying_sas.am",
  "WorkFolder": "_work"
}
[2020-04-13 11:14:16Z INFO MessageListener] Loading Credentials
[2020-04-13 11:14:16Z INFO ConfigurationStore] HasCredentials()
[2020-04-13 11:14:16Z INFO ConfigurationStore] stored True
[2020-04-13 11:14:16Z INFO CredentialManager] GetCredentialProvider
[2020-04-13 11:14:16Z INFO CredentialManager] Creating type OAuth
[2020-04-13 11:14:16Z INFO CredentialManager] Creating credential type: OAuth
[2020-04-13 11:14:16Z INFO HostContext] Well known directory 'Bin': '/home/k21/Рабочий стол/copying_sas.am/actions-runner/bin'
[2020-04-13 11:14:16Z INFO HostContext] Well known directory 'Root': '/home/k21/Рабочий стол/copying_sas.am/actions-runner'
[2020-04-13 11:14:16Z INFO HostContext] Well known config file 'RSACredentials': '/home/k21/Рабочий стол/copying_sas.am/actions-runner/.credentials_rsaparams'
[2020-04-13 11:14:16Z INFO RSAFileKeyManager] Loading RSA key parameters from file /home/k21/Рабочий стол/copying_sas.am/actions-runner/.credentials_rsaparams
[2020-04-13 11:14:16Z INFO MessageListener] Attempt to create session.
[2020-04-13 11:14:16Z INFO MessageListener] Connecting to the Runner Server...
[2020-04-13 11:14:16Z INFO RunnerServer] Establish connection with 100 seconds timeout.
[2020-04-13 11:14:16Z INFO GitHubActionsService] Starting operation Location.GetConnectionData
[2020-04-13 11:14:16Z INFO RunnerServer] Establish connection with 60 seconds timeout.
[2020-04-13 11:14:16Z INFO GitHubActionsService] Starting operation Location.GetConnectionData
[2020-04-13 11:14:16Z INFO RunnerServer] Establish connection with 60 seconds timeout.
[2020-04-13 11:14:16Z INFO GitHubActionsService] Starting operation Location.GetConnectionData
[2020-04-13 11:14:17Z INFO GitHubActionsService] Finished operation Location.GetConnectionData
[2020-04-13 11:14:17Z INFO GitHubActionsService] Finished operation Location.GetConnectionData
[2020-04-13 11:14:17Z INFO GitHubActionsService] Finished operation Location.GetConnectionData
[2020-04-13 11:14:17Z INFO GitHubActionsService] Starting operation Location.GetConnectionData
[2020-04-13 11:14:17Z INFO GitHubActionsService] Finished operation Location.GetConnectionData
[2020-04-13 11:14:17Z INFO GitHubActionsService] Starting operation Location.GetConnectionData
[2020-04-13 11:14:18Z INFO GitHubActionsService] Finished operation Location.GetConnectionData
[2020-04-13 11:14:18Z INFO GitHubActionsService] Starting operation Location.GetConnectionData
[2020-04-13 11:14:18Z INFO GitHubActionsService] Finished operation Location.GetConnectionData
[2020-04-13 11:14:18Z INFO MessageListener] VssConnection created
[2020-04-13 11:14:18Z INFO Terminal] WRITE LINE: 
[2020-04-13 11:14:18Z INFO Terminal] WRITE LINE: 
[2020-04-13 11:14:18Z WARN GitHubActionsService] Authentication failed with status code 401.
WWW-Authenticate: Bearer
Strict-Transport-Security: max-age=2592000
X-TFS-ProcessId: 4407ea76-51a5-4a22-af9d-e40a247dc576
ActivityId: 8fd0f38c-0e0a-4a8a-be72-cc2e4285a990
X-TFS-Session: 300d82c8-8c49-4a84-9b06-b97feee26112
X-VSS-E2EID: f464f1a6-bb8d-45e9-97fa-03e0b1174058
X-VSS-SenderDeploymentId: 193695a0-0dcd-ade4-f810-b10ad24a9829
X-TFS-ServiceError: The+user+%27System%3aPublicAccess%3baaaaaaaa-aaaa-aaaa-aaaa-aaaaaaaaaaaa%27+is+not+authorized+to+access+this+resource.
X-VSS-S2STargetService: 0000005A-0000-8888-8000-000000000000/visualstudio.com
X-MSEdge-Ref: Ref A: AAF14F6414944E9DB0DA6AFA409A9BE3 Ref B: FRAEDGE0722 Ref C: 2020-04-13T11:14:18Z
Date: Mon, 13 Apr 2020 11:14:17 GMT

[2020-04-13 11:14:18Z INFO RSAFileKeyManager] Loading RSA key parameters from file /home/k21/Рабочий стол/copying_sas.am/actions-runner/.credentials_rsaparams
[2020-04-13 11:14:18Z INFO RSAFileKeyManager] Loading RSA key parameters from file /home/k21/Рабочий стол/copying_sas.am/actions-runner/.credentials_rsaparams
[2020-04-13 11:14:18Z INFO GitHubActionsService] AAD Correlation ID for this token request: Unknown
[2020-04-13 11:14:19Z INFO MessageListener] Session created.
[2020-04-13 11:14:19Z INFO MessageListener] Start checking oauth authorization url update.
[2020-04-13 11:14:19Z INFO Terminal] WRITE LINE: 2020-04-13 11:14:19Z: Listening for Jobs
[2020-04-13 11:14:19Z INFO JobDispatcher] Set runner/worker IPC timeout to 30 seconds.
[2020-04-13 11:34:48Z WARN GitHubActionsService] GET request to https://pipelines.actions.githubusercontent.com/rsd4rt7mvioZPRPPx9eGMKCUsMD0U7aSwmre1aDWYCFCnIAMaz/_apis/distributedtask/pools/1/messages?sessionId=668bc494-01ef-41ff-b277-56d77d9add06 timed out after 60 seconds.
[2020-04-13 11:34:48Z ERR  MessageListener] Catch exception during get next message.
[2020-04-13 11:34:48Z ERR  MessageListener] System.TimeoutException: The HTTP request timed out after 00:01:00.
 ---> System.Threading.Tasks.TaskCanceledException: The operation was canceled.
 ---> System.IO.IOException: Unable to read data from the transport connection: Operation canceled.
 ---> System.Net.Sockets.SocketException (125): Operation canceled
   --- End of inner exception stack trace ---
   at System.Net.Sockets.Socket.AwaitableSocketAsyncEventArgs.ThrowException(SocketError error, CancellationToken cancellationToken)
   at System.Net.Sockets.Socket.AwaitableSocketAsyncEventArgs.GetResult(Int16 token)
   at System.Net.Security.SslStream.<FillBufferAsync>g__InternalFillBufferAsync|215_0[TReadAdapter](TReadAdapter adap, ValueTask`1 task, Int32 min, Int32 initial)
   at System.Net.Security.SslStream.ReadAsyncInternal[TReadAdapter](TReadAdapter adapter, Memory`1 buffer)
   at System.Net.Http.HttpConnection.SendAsyncCore(HttpRequestMessage request, CancellationToken cancellationToken)
   --- End of inner exception stack trace ---
   at System.Net.Http.HttpConnection.SendAsyncCore(HttpRequestMessage request, CancellationToken cancellationToken)
   at System.Net.Http.AuthenticationHelper.SendWithNtAuthAsync(HttpRequestMessage request, Uri authUri, ICredentials credentials, Boolean isProxyAuth, HttpConnection connection, HttpConnectionPool connectionPool, CancellationToken cancellationToken)
   at System.Net.Http.HttpConnectionPool.SendWithNtConnectionAuthAsync(HttpConnection connection, HttpRequestMessage request, Boolean doRequestAuth, CancellationToken cancellationToken)
   at System.Net.Http.HttpConnectionPool.SendWithRetryAsync(HttpRequestMessage request, Boolean doRequestAuth, CancellationToken cancellationToken)
   at System.Net.Http.AuthenticationHelper.SendWithAuthAsync(HttpRequestMessage request, Uri authUri, ICredentials credentials, Boolean preAuthenticate, Boolean isProxyAuth, Boolean doRequestAuth, HttpConnectionPool pool, CancellationToken cancellationToken)
   at System.Net.Http.DecompressionHandler.SendAsync(HttpRequestMessage request, CancellationToken cancellationToken)
   at GitHub.Services.Common.VssHttpMessageHandler.SendAsync(HttpRequestMessage request, CancellationToken cancellationToken)
   --- End of inner exception stack trace ---
   at GitHub.Services.Common.VssHttpMessageHandler.SendAsync(HttpRequestMessage request, CancellationToken cancellationToken)
   at GitHub.Services.Common.VssHttpRetryMessageHandler.SendAsync(HttpRequestMessage request, CancellationToken cancellationToken)
   at System.Net.Http.HttpClient.FinishSendAsyncBuffered(Task`1 sendTask, HttpRequestMessage request, CancellationTokenSource cts, Boolean disposeCts)
   at GitHub.Services.WebApi.VssHttpClientBase.SendAsync(HttpRequestMessage message, HttpCompletionOption completionOption, Object userState, CancellationToken cancellationToken)
   at GitHub.Services.WebApi.VssHttpClientBase.SendAsync[T](HttpRequestMessage message, Object userState, CancellationToken cancellationToken)
   at GitHub.Services.WebApi.VssHttpClientBase.SendAsync[T](HttpMethod method, IEnumerable`1 additionalHeaders, Guid locationId, Object routeValues, ApiResourceVersion version, HttpContent content, IEnumerable`1 queryParameters, Object userState, CancellationToken cancellationToken)
   at GitHub.Runner.Listener.MessageListener.GetNextMessageAsync(CancellationToken token)
[2020-04-13 11:34:48Z ERR  MessageListener] #####################################################
[2020-04-13 11:34:48Z ERR  MessageListener] System.Threading.Tasks.TaskCanceledException: The operation was canceled.
 ---> System.IO.IOException: Unable to read data from the transport connection: Operation canceled.
 ---> System.Net.Sockets.SocketException (125): Operation canceled
   --- End of inner exception stack trace ---
   at System.Net.Sockets.Socket.AwaitableSocketAsyncEventArgs.ThrowException(SocketError error, CancellationToken cancellationToken)
   at System.Net.Sockets.Socket.AwaitableSocketAsyncEventArgs.GetResult(Int16 token)
   at System.Net.Security.SslStream.<FillBufferAsync>g__InternalFillBufferAsync|215_0[TReadAdapter](TReadAdapter adap, ValueTask`1 task, Int32 min, Int32 initial)
   at System.Net.Security.SslStream.ReadAsyncInternal[TReadAdapter](TReadAdapter adapter, Memory`1 buffer)
   at System.Net.Http.HttpConnection.SendAsyncCore(HttpRequestMessage request, CancellationToken cancellationToken)
   --- End of inner exception stack trace ---
   at System.Net.Http.HttpConnection.SendAsyncCore(HttpRequestMessage request, CancellationToken cancellationToken)
   at System.Net.Http.AuthenticationHelper.SendWithNtAuthAsync(HttpRequestMessage request, Uri authUri, ICredentials credentials, Boolean isProxyAuth, HttpConnection connection, HttpConnectionPool connectionPool, CancellationToken cancellationToken)
   at System.Net.Http.HttpConnectionPool.SendWithNtConnectionAuthAsync(HttpConnection connection, HttpRequestMessage request, Boolean doRequestAuth, CancellationToken cancellationToken)
   at System.Net.Http.HttpConnectionPool.SendWithRetryAsync(HttpRequestMessage request, Boolean doRequestAuth, CancellationToken cancellationToken)
   at System.Net.Http.AuthenticationHelper.SendWithAuthAsync(HttpRequestMessage request, Uri authUri, ICredentials credentials, Boolean preAuthenticate, Boolean isProxyAuth, Boolean doRequestAuth, HttpConnectionPool pool, CancellationToken cancellationToken)
   at System.Net.Http.DecompressionHandler.SendAsync(HttpRequestMessage request, CancellationToken cancellationToken)
   at GitHub.Services.Common.VssHttpMessageHandler.SendAsync(HttpRequestMessage request, CancellationToken cancellationToken)
[2020-04-13 11:34:48Z ERR  MessageListener] #####################################################
[2020-04-13 11:34:48Z ERR  MessageListener] System.IO.IOException: Unable to read data from the transport connection: Operation canceled.
 ---> System.Net.Sockets.SocketException (125): Operation canceled
   --- End of inner exception stack trace ---
   at System.Net.Sockets.Socket.AwaitableSocketAsyncEventArgs.ThrowException(SocketError error, CancellationToken cancellationToken)
   at System.Net.Sockets.Socket.AwaitableSocketAsyncEventArgs.GetResult(Int16 token)
   at System.Net.Security.SslStream.<FillBufferAsync>g__InternalFillBufferAsync|215_0[TReadAdapter](TReadAdapter adap, ValueTask`1 task, Int32 min, Int32 initial)
   at System.Net.Security.SslStream.ReadAsyncInternal[TReadAdapter](TReadAdapter adapter, Memory`1 buffer)
   at System.Net.Http.HttpConnection.SendAsyncCore(HttpRequestMessage request, CancellationToken cancellationToken)
[2020-04-13 11:34:48Z ERR  MessageListener] #####################################################
[2020-04-13 11:34:48Z ERR  MessageListener] System.Net.Sockets.SocketException (125): Operation canceled
[2020-04-13 11:34:48Z INFO MessageListener] Retriable exception: The HTTP request timed out after 00:01:00.
[2020-04-13 11:34:48Z ERR  Terminal] WRITE ERROR: 2020-04-13 11:34:48Z: Runner connect error: The HTTP request timed out after 00:01:00.. Retrying until reconnected.
[2020-04-13 11:34:48Z INFO RunnerServer] Refresh MessageQueue VssConnection to get on a different AFD node.
[2020-04-13 11:34:48Z INFO RunnerServer] Establish connection with 60 seconds timeout.
[2020-04-13 11:34:48Z INFO GitHubActionsService] Starting operation Location.GetConnectionData
[2020-04-13 11:34:49Z INFO GitHubActionsService] Finished operation Location.GetConnectionData
[2020-04-13 11:34:49Z INFO MessageListener] Sleeping for 25.893 seconds before retrying.
[2020-04-13 11:36:05Z INFO Terminal] WRITE LINE: 2020-04-13 11:36:05Z: Runner reconnected.
[2020-04-13 11:49:29Z INFO MessageListener] No message retrieved from session '668bc494-01ef-41ff-b277-56d77d9add06' within last 30 minutes.
