[2020-04-13 10:47:03Z INFO HostContext] No proxy settings were found based on environmental variables (http_proxy/https_proxy/HTTP_PROXY/HTTPS_PROXY)
[2020-04-13 10:47:03Z INFO Listener] Runner is built for Linux (X64) - linux-x64.
[2020-04-13 10:47:03Z INFO Listener] RuntimeInformation: Linux 5.3.0-46-generic #38-Ubuntu SMP Fri Mar 27 17:37:05 UTC 2020.
[2020-04-13 10:47:03Z INFO Listener] Version: 2.168.0
[2020-04-13 10:47:03Z INFO Listener] Commit: 9ed9e7a6730db3f4e83900620d4ac3c00ff3e775
[2020-04-13 10:47:03Z INFO Listener] Culture: ru-RU
[2020-04-13 10:47:03Z INFO Listener] UI Culture: ru-RU
[2020-04-13 10:47:03Z INFO HostContext] Well known directory 'Bin': '/home/k21/Рабочий стол/copying_sas.am/actions-runner/bin'
[2020-04-13 10:47:03Z INFO HostContext] Well known directory 'Root': '/home/k21/Рабочий стол/copying_sas.am/actions-runner'
[2020-04-13 10:47:03Z INFO Listener] Validating directory permissions for: '/home/k21/Рабочий стол/copying_sas.am/actions-runner'
[2020-04-13 10:47:03Z INFO CommandLineParser] Parse
[2020-04-13 10:47:03Z INFO CommandLineParser] Parsing 5 args
[2020-04-13 10:47:03Z INFO CommandLineParser] parsing argument
[2020-04-13 10:47:03Z INFO CommandLineParser] HasArgs: False
[2020-04-13 10:47:03Z INFO CommandLineParser] Adding Command: configure
[2020-04-13 10:47:03Z INFO CommandLineParser] parsing argument
[2020-04-13 10:47:03Z INFO CommandLineParser] HasArgs: True
[2020-04-13 10:47:03Z INFO CommandLineParser] arg: url
[2020-04-13 10:47:03Z INFO CommandLineParser] parsing argument
[2020-04-13 10:47:03Z INFO CommandLineParser] HasArgs: True
[2020-04-13 10:47:03Z INFO CommandLineParser] Adding option 'url': 'https://github.com/KDI21/copying_sas.am'
[2020-04-13 10:47:03Z INFO CommandLineParser] parsing argument
[2020-04-13 10:47:03Z INFO CommandLineParser] HasArgs: True
[2020-04-13 10:47:03Z INFO CommandLineParser] arg: token
[2020-04-13 10:47:03Z INFO CommandLineParser] parsing argument
[2020-04-13 10:47:03Z INFO CommandLineParser] HasArgs: True
[2020-04-13 10:47:03Z INFO CommandLineParser] Adding option 'token': '***'
[2020-04-13 10:47:03Z INFO Listener] Arguments parsed
[2020-04-13 10:47:03Z INFO Runner] ExecuteCommand
[2020-04-13 10:47:03Z INFO ConfigurationStore] currentAssemblyLocation: /home/k21/Рабочий стол/copying_sas.am/actions-runner/bin/Runner.Listener.dll
[2020-04-13 10:47:03Z INFO HostContext] Well known directory 'Bin': '/home/k21/Рабочий стол/copying_sas.am/actions-runner/bin'
[2020-04-13 10:47:03Z INFO ConfigurationStore] binPath: /home/k21/Рабочий стол/copying_sas.am/actions-runner/bin
[2020-04-13 10:47:03Z INFO HostContext] Well known directory 'Bin': '/home/k21/Рабочий стол/copying_sas.am/actions-runner/bin'
[2020-04-13 10:47:03Z INFO HostContext] Well known directory 'Root': '/home/k21/Рабочий стол/copying_sas.am/actions-runner'
[2020-04-13 10:47:03Z INFO ConfigurationStore] RootFolder: /home/k21/Рабочий стол/copying_sas.am/actions-runner
[2020-04-13 10:47:03Z INFO HostContext] Well known directory 'Bin': '/home/k21/Рабочий стол/copying_sas.am/actions-runner/bin'
[2020-04-13 10:47:03Z INFO HostContext] Well known directory 'Root': '/home/k21/Рабочий стол/copying_sas.am/actions-runner'
[2020-04-13 10:47:03Z INFO HostContext] Well known config file 'Runner': '/home/k21/Рабочий стол/copying_sas.am/actions-runner/.runner'
[2020-04-13 10:47:03Z INFO ConfigurationStore] ConfigFilePath: /home/k21/Рабочий стол/copying_sas.am/actions-runner/.runner
[2020-04-13 10:47:03Z INFO HostContext] Well known directory 'Bin': '/home/k21/Рабочий стол/copying_sas.am/actions-runner/bin'
[2020-04-13 10:47:03Z INFO HostContext] Well known directory 'Root': '/home/k21/Рабочий стол/copying_sas.am/actions-runner'
[2020-04-13 10:47:03Z INFO HostContext] Well known config file 'Credentials': '/home/k21/Рабочий стол/copying_sas.am/actions-runner/.credentials'
[2020-04-13 10:47:03Z INFO ConfigurationStore] CredFilePath: /home/k21/Рабочий стол/copying_sas.am/actions-runner/.credentials
[2020-04-13 10:47:03Z INFO HostContext] Well known directory 'Bin': '/home/k21/Рабочий стол/copying_sas.am/actions-runner/bin'
[2020-04-13 10:47:03Z INFO HostContext] Well known directory 'Root': '/home/k21/Рабочий стол/copying_sas.am/actions-runner'
[2020-04-13 10:47:03Z INFO HostContext] Well known config file 'MigratedCredentials': '/home/k21/Рабочий стол/copying_sas.am/actions-runner/.credentials_migrated'
[2020-04-13 10:47:03Z INFO ConfigurationStore] MigratedCredFilePath: /home/k21/Рабочий стол/copying_sas.am/actions-runner/.credentials_migrated
[2020-04-13 10:47:03Z INFO HostContext] Well known directory 'Bin': '/home/k21/Рабочий стол/copying_sas.am/actions-runner/bin'
[2020-04-13 10:47:03Z INFO HostContext] Well known directory 'Root': '/home/k21/Рабочий стол/copying_sas.am/actions-runner'
[2020-04-13 10:47:03Z INFO HostContext] Well known config file 'Service': '/home/k21/Рабочий стол/copying_sas.am/actions-runner/.service'
[2020-04-13 10:47:03Z INFO ConfigurationStore] ServiceConfigFilePath: /home/k21/Рабочий стол/copying_sas.am/actions-runner/.service
[2020-04-13 10:47:03Z INFO CommandSettings] Flag 'help': 'False'
[2020-04-13 10:47:03Z INFO CommandSettings] Flag 'version': 'False'
[2020-04-13 10:47:03Z INFO CommandSettings] Flag 'commit': 'False'
[2020-04-13 10:47:03Z INFO CommandSettings] Command 'configure': 'True'
[2020-04-13 10:47:03Z INFO Terminal] WRITE LINE: 
[2020-04-13 10:47:03Z INFO Terminal] WRITE LINE: --------------------------------------------------------------------------------
[2020-04-13 10:47:03Z INFO Terminal] WRITE LINE: |        ____ _ _   _   _       _          _        _   _                      |
[2020-04-13 10:47:03Z INFO Terminal] WRITE LINE: |       / ___(_) |_| | | |_   _| |__      / \   ___| |_(_) ___  _ __  ___      |
[2020-04-13 10:47:03Z INFO Terminal] WRITE LINE: |      | |  _| | __| |_| | | | | '_ \    / _ \ / __| __| |/ _ \| '_ \/ __|     |
[2020-04-13 10:47:03Z INFO Terminal] WRITE LINE: |      | |_| | | |_|  _  | |_| | |_) |  / ___ \ (__| |_| | (_) | | | \__ \     |
[2020-04-13 10:47:03Z INFO Terminal] WRITE LINE: |       \____|_|\__|_| |_|\__,_|_.__/  /_/   \_\___|\__|_|\___/|_| |_|___/     |
[2020-04-13 10:47:03Z INFO Terminal] WRITE LINE: |                                                                              |
[2020-04-13 10:47:03Z INFO Terminal] WRITE: |                       
[2020-04-13 10:47:03Z INFO Terminal] WRITE: Self-hosted runner registration
[2020-04-13 10:47:03Z INFO Terminal] WRITE LINE:                         |
[2020-04-13 10:47:03Z INFO Terminal] WRITE LINE: |                                                                              |
[2020-04-13 10:47:03Z INFO Terminal] WRITE LINE: --------------------------------------------------------------------------------
[2020-04-13 10:47:03Z INFO ConfigurationManager] ConfigureAsync
[2020-04-13 10:47:03Z INFO ConfigurationStore] IsConfigured()
[2020-04-13 10:47:03Z INFO ConfigurationStore] IsConfigured: False
[2020-04-13 10:47:03Z INFO ConfigurationManager] Is configured: False
[2020-04-13 10:47:03Z INFO CommandSettings] Arg 'url': 'https://github.com/KDI21/copying_sas.am'
[2020-04-13 10:47:03Z INFO CommandSettings] Remove url from Arg dictionary.
[2020-04-13 10:47:03Z INFO CommandSettings] Arg 'token': '***'
[2020-04-13 10:47:03Z INFO CommandSettings] Remove token from Arg dictionary.
[2020-04-13 10:47:04Z INFO ConfigurationManager] Http response code: OK from 'POST https://api.github.com/actions/runner-registration'
[2020-04-13 10:47:04Z INFO ConfigurationManager] cred retrieved via GitHub auth
[2020-04-13 10:47:04Z INFO GitHubActionsService] Starting operation Location.GetConnectionData
[2020-04-13 10:47:06Z INFO GitHubActionsService] Finished operation Location.GetConnectionData
[2020-04-13 10:47:06Z INFO GitHubActionsService] Starting operation Location.GetConnectionData
[2020-04-13 10:47:06Z INFO GitHubActionsService] Finished operation Location.GetConnectionData
[2020-04-13 10:47:06Z INFO ConfigurationManager] Server deployment type: Hosted
[2020-04-13 10:47:06Z INFO RunnerServer] Establish connection with 100 seconds timeout.
[2020-04-13 10:47:06Z INFO GitHubActionsService] Starting operation Location.GetConnectionData
[2020-04-13 10:47:06Z INFO RunnerServer] Establish connection with 60 seconds timeout.
[2020-04-13 10:47:06Z INFO GitHubActionsService] Starting operation Location.GetConnectionData
[2020-04-13 10:47:06Z INFO RunnerServer] Establish connection with 60 seconds timeout.
[2020-04-13 10:47:06Z INFO GitHubActionsService] Starting operation Location.GetConnectionData
[2020-04-13 10:47:06Z INFO GitHubActionsService] Finished operation Location.GetConnectionData
[2020-04-13 10:47:07Z INFO GitHubActionsService] Finished operation Location.GetConnectionData
[2020-04-13 10:47:07Z INFO GitHubActionsService] Finished operation Location.GetConnectionData
[2020-04-13 10:47:07Z INFO GitHubActionsService] Starting operation Location.GetConnectionData
[2020-04-13 10:47:07Z INFO GitHubActionsService] Finished operation Location.GetConnectionData
[2020-04-13 10:47:07Z INFO GitHubActionsService] Starting operation Location.GetConnectionData
[2020-04-13 10:47:07Z INFO GitHubActionsService] Finished operation Location.GetConnectionData
[2020-04-13 10:47:07Z INFO Terminal] WRITE LINE: 
[2020-04-13 10:47:07Z INFO ConfigurationManager] Test Connection complete.
[2020-04-13 10:47:07Z INFO HostContext] Well known directory 'Bin': '/home/k21/Рабочий стол/copying_sas.am/actions-runner/bin'
[2020-04-13 10:47:07Z INFO HostContext] Well known directory 'Root': '/home/k21/Рабочий стол/copying_sas.am/actions-runner'
[2020-04-13 10:47:07Z INFO HostContext] Well known config file 'RSACredentials': '/home/k21/Рабочий стол/copying_sas.am/actions-runner/.credentials_rsaparams'
[2020-04-13 10:47:07Z INFO RSAFileKeyManager] Creating new RSA key using 2048-bit key length
[2020-04-13 10:47:08Z INFO RSAFileKeyManager] Successfully saved RSA key parameters to file /home/k21/Рабочий стол/copying_sas.am/actions-runner/.credentials_rsaparams
[2020-04-13 10:47:08Z INFO RSAFileKeyManager] Which: 'chmod'
[2020-04-13 10:47:08Z INFO RSAFileKeyManager] Location: '/usr/bin/chmod'
[2020-04-13 10:47:08Z INFO HostContext] Well known directory 'Bin': '/home/k21/Рабочий стол/copying_sas.am/actions-runner/bin'
[2020-04-13 10:47:08Z INFO HostContext] Well known directory 'Root': '/home/k21/Рабочий стол/copying_sas.am/actions-runner'
[2020-04-13 10:47:08Z INFO ProcessInvokerWrapper] Starting process:
[2020-04-13 10:47:08Z INFO ProcessInvokerWrapper]   File name: '/usr/bin/chmod'
[2020-04-13 10:47:08Z INFO ProcessInvokerWrapper]   Arguments: '600 /home/k21/Рабочий стол/copying_sas.am/actions-runner/.credentials_rsaparams'
[2020-04-13 10:47:08Z INFO ProcessInvokerWrapper]   Working directory: '/home/k21/Рабочий стол/copying_sas.am/actions-runner'
[2020-04-13 10:47:08Z INFO ProcessInvokerWrapper]   Require exit code zero: 'False'
[2020-04-13 10:47:08Z INFO ProcessInvokerWrapper]   Encoding web name:  ; code page: ''
[2020-04-13 10:47:08Z INFO ProcessInvokerWrapper]   Force kill process on cancellation: 'False'
[2020-04-13 10:47:08Z INFO ProcessInvokerWrapper]   Redirected STDIN: 'False'
[2020-04-13 10:47:08Z INFO ProcessInvokerWrapper]   Persist current code page: 'False'
[2020-04-13 10:47:08Z INFO ProcessInvokerWrapper]   Keep redirected STDIN open: 'False'
[2020-04-13 10:47:08Z INFO ProcessInvokerWrapper]   High priority process: 'False'
[2020-04-13 10:47:08Z INFO ProcessInvokerWrapper] Failed to update oom_score_adj for PID: 11399.
[2020-04-13 10:47:08Z INFO ProcessInvokerWrapper] System.UnauthorizedAccessException: Access to the path '/proc/11399/oom_score_adj' is denied.
 ---> System.IO.IOException: Permission denied
   --- End of inner exception stack trace ---
   at Interop.ThrowExceptionForIoErrno(ErrorInfo errorInfo, String path, Boolean isDirectory, Func`2 errorRewriter)
   at Microsoft.Win32.SafeHandles.SafeFileHandle.Open(String path, OpenFlags flags, Int32 mode)
   at System.IO.FileStream.OpenHandle(FileMode mode, FileShare share, FileOptions options)
   at System.IO.FileStream..ctor(String path, FileMode mode, FileAccess access, FileShare share, Int32 bufferSize, FileOptions options)
   at System.IO.StreamWriter.ValidateArgsAndOpenPath(String path, Boolean append, Encoding encoding, Int32 bufferSize)
   at System.IO.StreamWriter..ctor(String path)
   at System.IO.File.WriteAllText(String path, String contents)
   at GitHub.Runner.Sdk.ProcessInvoker.WriteProcessOomScoreAdj(Int32 processId, Int32 oomScoreAdj)
[2020-04-13 10:47:08Z INFO ProcessInvokerWrapper] STDOUT/STDERR stream read finished.
[2020-04-13 10:47:08Z INFO ProcessInvokerWrapper] Process started with process id 11399, waiting for process exit.
[2020-04-13 10:47:08Z INFO ProcessInvokerWrapper] STDOUT/STDERR stream read finished.
[2020-04-13 10:47:08Z INFO ProcessInvokerWrapper] Finished process 11399 with exit code 1, and elapsed time 00:00:00.0251329.
[2020-04-13 10:47:08Z WARN RSAFileKeyManager] Unable to succesfully set permissions for RSA key parameters file /home/k21/Рабочий стол/copying_sas.am/actions-runner/.credentials_rsaparams. Received exit code 1 from /usr/bin/chmod
[2020-04-13 10:47:08Z INFO ConfigurationManager] Found a private pool with id {1} and name {2} 1, Default
[2020-04-13 10:47:08Z INFO CommandSettings] Arg 'name': ''
[2020-04-13 10:47:08Z INFO CommandSettings] Flag 'unattended': 'False'
[2020-04-13 10:47:08Z INFO PromptManager] ReadValue
[2020-04-13 10:47:08Z INFO Terminal] WRITE: Enter the name of runner: 
[2020-04-13 10:47:08Z INFO Terminal] WRITE: [press Enter for k21-System-Product-Name] 
[2020-04-13 10:47:08Z INFO Terminal] READ LINE
[2020-04-13 10:47:13Z INFO Terminal] Read value: ''
[2020-04-13 10:47:13Z INFO PromptManager] Falling back to the default: 'k21-System-Product-Name'
[2020-04-13 10:47:13Z INFO Terminal] WRITE LINE: 
[2020-04-13 10:47:14Z INFO ConfigurationManager] Agent server url resolve by server: 'https://pipelines.actions.githubusercontent.com/rsd4rt7mvioZPRPPx9eGMKCUsMD0U7aSwmre1aDWYCFCnIAMaz/'.
[2020-04-13 10:47:14Z INFO ConfigurationStore] Saving OAuth credential @ /home/k21/Рабочий стол/copying_sas.am/actions-runner/.credentials
[2020-04-13 10:47:14Z INFO ConfigurationStore] Credentials Saved.
[2020-04-13 10:47:14Z INFO ConfigurationStore] HasCredentials()
[2020-04-13 10:47:14Z INFO ConfigurationStore] stored True
[2020-04-13 10:47:14Z INFO CredentialManager] GetCredentialProvider
[2020-04-13 10:47:14Z INFO CredentialManager] Creating type OAuth
[2020-04-13 10:47:14Z INFO CredentialManager] Creating credential type: OAuth
[2020-04-13 10:47:14Z INFO RSAFileKeyManager] Loading RSA key parameters from file /home/k21/Рабочий стол/copying_sas.am/actions-runner/.credentials_rsaparams
[2020-04-13 10:47:14Z INFO RunnerServer] Establish connection with 100 seconds timeout.
[2020-04-13 10:47:14Z INFO GitHubActionsService] Starting operation Location.GetConnectionData
[2020-04-13 10:47:14Z INFO RunnerServer] Establish connection with 60 seconds timeout.
[2020-04-13 10:47:14Z INFO GitHubActionsService] Starting operation Location.GetConnectionData
[2020-04-13 10:47:14Z INFO RunnerServer] Establish connection with 60 seconds timeout.
[2020-04-13 10:47:14Z INFO GitHubActionsService] Starting operation Location.GetConnectionData
[2020-04-13 10:47:14Z INFO GitHubActionsService] Finished operation Location.GetConnectionData
[2020-04-13 10:47:14Z INFO GitHubActionsService] Finished operation Location.GetConnectionData
[2020-04-13 10:47:14Z INFO GitHubActionsService] Finished operation Location.GetConnectionData
[2020-04-13 10:47:14Z WARN GitHubActionsService] Authentication failed with status code 401.
WWW-Authenticate: Bearer
Strict-Transport-Security: max-age=2592000
X-TFS-ProcessId: 4e9afc9e-fcec-4ad8-a021-3b4dc882f8b1
ActivityId: eb77b1ca-8968-4c99-81d0-6ff590fc58fb
X-TFS-Session: 4b828757-e989-499d-a6af-a112a80f1456
X-VSS-E2EID: 664b227e-4d22-49b3-a862-e46f570b43de
X-VSS-SenderDeploymentId: 193695a0-0dcd-ade4-f810-b10ad24a9829
X-TFS-ServiceError: The+user+%27System%3aPublicAccess%3baaaaaaaa-aaaa-aaaa-aaaa-aaaaaaaaaaaa%27+is+not+authorized+to+access+this+resource.
X-VSS-S2STargetService: 0000005A-0000-8888-8000-000000000000/visualstudio.com
X-MSEdge-Ref: Ref A: 54238BCE80AE451E8B6F1CAEED9ECA5A Ref B: FRAEDGE0816 Ref C: 2020-04-13T10:47:14Z
Date: Mon, 13 Apr 2020 10:47:14 GMT

[2020-04-13 10:47:14Z INFO RSAFileKeyManager] Loading RSA key parameters from file /home/k21/Рабочий стол/copying_sas.am/actions-runner/.credentials_rsaparams
[2020-04-13 10:47:14Z INFO RSAFileKeyManager] Loading RSA key parameters from file /home/k21/Рабочий стол/copying_sas.am/actions-runner/.credentials_rsaparams
[2020-04-13 10:47:15Z INFO GitHubActionsService] AAD Correlation ID for this token request: Unknown
[2020-04-13 10:47:16Z INFO CommandSettings] Arg 'work': ''
[2020-04-13 10:47:16Z INFO CommandSettings] Flag 'unattended': 'False'
[2020-04-13 10:47:16Z INFO PromptManager] ReadValue
[2020-04-13 10:47:16Z INFO Terminal] WRITE: Enter name of work folder: 
[2020-04-13 10:47:16Z INFO Terminal] WRITE: [press Enter for _work] 
[2020-04-13 10:47:16Z INFO Terminal] READ LINE
[2020-04-13 10:47:23Z INFO Terminal] Read value: ''
[2020-04-13 10:47:23Z INFO PromptManager] Falling back to the default: '_work'
[2020-04-13 10:47:23Z INFO ConfigurationStore] Saving runner settings.
[2020-04-13 10:47:23Z INFO ConfigurationStore] Settings Saved.
[2020-04-13 10:47:23Z INFO Terminal] WRITE LINE: 
[2020-04-13 10:47:23Z INFO Terminal] WRITE LINE: 
[2020-04-13 10:47:23Z INFO SystemDControlManager] Service name 'actions.runner.KDI21-copying_sas.am.k21-System-Product-Name.service' display name 'GitHub Actions Runner (KDI21-copying_sas.am.k21-System-Product-Name)' will be used for service configuration.
[2020-04-13 10:47:23Z INFO HostContext] Well known directory 'Bin': '/home/k21/Рабочий стол/copying_sas.am/actions-runner/bin'
[2020-04-13 10:47:23Z INFO HostContext] Well known directory 'Root': '/home/k21/Рабочий стол/copying_sas.am/actions-runner'
[2020-04-13 10:47:23Z INFO HostContext] Well known directory 'Bin': '/home/k21/Рабочий стол/copying_sas.am/actions-runner/bin'
[2020-04-13 10:47:23Z INFO HostContext] Well known directory 'Bin': '/home/k21/Рабочий стол/copying_sas.am/actions-runner/bin'
[2020-04-13 10:47:23Z INFO HostContext] Well known directory 'Root': '/home/k21/Рабочий стол/copying_sas.am/actions-runner'
[2020-04-13 10:47:23Z INFO UnixUtil] Which: 'chmod'
[2020-04-13 10:47:23Z INFO UnixUtil] Location: '/usr/bin/chmod'
[2020-04-13 10:47:23Z INFO UnixUtil] Running /usr/bin/chmod 755 "/home/k21/Рабочий стол/copying_sas.am/actions-runner/svc.sh"
[2020-04-13 10:47:23Z INFO ProcessInvokerWrapper] Starting process:
[2020-04-13 10:47:23Z INFO ProcessInvokerWrapper]   File name: '/usr/bin/chmod'
[2020-04-13 10:47:23Z INFO ProcessInvokerWrapper]   Arguments: '755 "/home/k21/Рабочий стол/copying_sas.am/actions-runner/svc.sh"'
[2020-04-13 10:47:23Z INFO ProcessInvokerWrapper]   Working directory: '/home/k21/Рабочий стол/copying_sas.am/actions-runner'
[2020-04-13 10:47:23Z INFO ProcessInvokerWrapper]   Require exit code zero: 'True'
[2020-04-13 10:47:23Z INFO ProcessInvokerWrapper]   Encoding web name:  ; code page: ''
[2020-04-13 10:47:23Z INFO ProcessInvokerWrapper]   Force kill process on cancellation: 'False'
[2020-04-13 10:47:23Z INFO ProcessInvokerWrapper]   Redirected STDIN: 'False'
[2020-04-13 10:47:23Z INFO ProcessInvokerWrapper]   Persist current code page: 'False'
[2020-04-13 10:47:23Z INFO ProcessInvokerWrapper]   Keep redirected STDIN open: 'False'
[2020-04-13 10:47:23Z INFO ProcessInvokerWrapper]   High priority process: 'False'
[2020-04-13 10:47:23Z INFO ProcessInvokerWrapper] Updated oom_score_adj to 500 for PID: 11420.
[2020-04-13 10:47:23Z INFO ProcessInvokerWrapper] STDOUT/STDERR stream read finished.
[2020-04-13 10:47:23Z INFO ProcessInvokerWrapper] STDOUT/STDERR stream read finished.
[2020-04-13 10:47:23Z INFO ProcessInvokerWrapper] Process started with process id 11420, waiting for process exit.
[2020-04-13 10:47:23Z INFO ProcessInvokerWrapper] Finished process 11420 with exit code 0, and elapsed time 00:00:00.0063710.
